Performing C SOURCE FILE Test UV_LINT_W4 failed with the following output:
Change Dir: /Users/bytedance/Code/Cenarius/kernal_src/source/essential/network/external/libuv_build/ios_64/CMakeFiles/CMakeTmp

Run Build Command(s):/usr/bin/xcodebuild -project CMAKE_TRY_COMPILE.xcodeproj build -target cmTC_54bee -configuration Debug -hideShellScriptEnvironment && User defaults from command line:
    HideShellScriptEnvironment = YES

Prepare build
note: Using legacy build system
=== BUILD TARGET cmTC_54bee OF PROJECT CMAKE_TRY_COMPILE WITH CONFIGURATION Debug ===

Check dependencies

Write auxiliary files
/bin/mkdir -p /Users/bytedance/Code/Cenarius/kernal_src/source/essential/network/external/libuv_build/ios_64/CMakeFiles/CMakeTmp/CMAKE_TRY_COMPILE.build/Debug-iphoneos/cmTC_54bee.build/Objects-normal/arm64
write-file /Users/bytedance/Code/Cenarius/kernal_src/source/essential/network/external/libuv_build/ios_64/CMakeFiles/CMakeTmp/CMAKE_TRY_COMPILE.build/Debug-iphoneos/cmTC_54bee.build/Objects-normal/arm64/cmTC_54bee.LinkFileList

CompileC CMAKE_TRY_COMPILE.build/Debug-iphoneos/cmTC_54bee.build/Objects-normal/arm64/src.o src.c normal arm64 c com.apple.compilers.llvm.clang.1_0.compiler
    cd /Users/bytedance/Code/Cenarius/kernal_src/source/essential/network/external/libuv_build/ios_64/CMakeFiles/CMakeTmp
    /Applications/Xcode.app/Contents/Developer/Toolchains/XcodeDefault.xctoolchain/usr/bin/clang -x c -target arm64-apple-ios9.0 -fmessage-length=0 -fdiagnostics-show-note-include-stack -fmacro-backtrace-limit=0 -Wno-trigraphs -fpascal-strings -O0 -Wno-missing-field-initializers -Wno-missing-prototypes -Wno-return-type -Wno-missing-braces -Wparentheses -Wswitch -Wno-unused-function -Wno-unused-label -Wno-unused-parameter -Wno-unused-variable -Wunused-value -Wno-empty-body -Wno-uninitialized -Wno-unknown-pragmas -Wno-shadow -Wno-four-char-constants -Wno-conversion -Wno-constant-conversion -Wno-int-conversion -Wno-bool-conversion -Wno-enum-conversion -Wno-float-conversion -Wno-non-literal-null-conversion -Wno-objc-literal-conversion -Wshorten-64-to-32 -Wpointer-sign -Wno-newline-eof -DCMAKE_INTDIR=\"Debug-iphoneos\" -isysroot /Applications/Xcode.app/Contents/Developer/Platforms/iPhoneOS.platform/Developer/SDKs/iPhoneOS13.2.sdk -fstrict-aliasing -Wdeprecated-declarations -g -Wno-sign-conversion -Wno-infinite-recursion -Wno-comma -Wno-block-capture-autoreleasing -Wno-strict-prototypes -Wno-semicolon-before-method-body -fembed-bitcode -I/Users/bytedance/Code/Cenarius/kernal_src/source/essential/network/external/libuv_build/ios_64/CMakeFiles/CMakeTmp/Debug/include -I/Users/bytedance/Code/Cenarius/kernal_src/source/essential/network/external/libuv_build/ios_64/CMakeFiles/CMakeTmp/CMAKE_TRY_COMPILE.build/Debug-iphoneos/cmTC_54bee.build/DerivedSources-normal/arm64 -I/Users/bytedance/Code/Cenarius/kernal_src/source/essential/network/external/libuv_build/ios_64/CMakeFiles/CMakeTmp/CMAKE_TRY_COMPILE.build/Debug-iphoneos/cmTC_54bee.build/DerivedSources/arm64 -I/Users/bytedance/Code/Cenarius/kernal_src/source/essential/network/external/libuv_build/ios_64/CMakeFiles/CMakeTmp/CMAKE_TRY_COMPILE.build/Debug-iphoneos/cmTC_54bee.build/DerivedSources -Wmost -Wno-four-char-constants -Wno-unknown-pragmas -F/Users/bytedance/Code/Cenarius/kernal_src/source/essential/network/external/libuv_build/ios_64/CMakeFiles/CMakeTmp/Debug -DUV_LINT_W4 /W4 -MMD -MT dependencies -MF /Users/bytedance/Code/Cenarius/kernal_src/source/essential/network/external/libuv_build/ios_64/CMakeFiles/CMakeTmp/CMAKE_TRY_COMPILE.build/Debug-iphoneos/cmTC_54bee.build/Objects-normal/arm64/src.d --serialize-diagnostics /Users/bytedance/Code/Cenarius/kernal_src/source/essential/network/external/libuv_build/ios_64/CMakeFiles/CMakeTmp/CMAKE_TRY_COMPILE.build/Debug-iphoneos/cmTC_54bee.build/Objects-normal/arm64/src.dia -c /Users/bytedance/Code/Cenarius/kernal_src/source/essential/network/external/libuv_build/ios_64/CMakeFiles/CMakeTmp/src.c -o /Users/bytedance/Code/Cenarius/kernal_src/source/essential/network/external/libuv_build/ios_64/CMakeFiles/CMakeTmp/CMAKE_TRY_COMPILE.build/Debug-iphoneos/cmTC_54bee.build/Objects-normal/arm64/src.o
clang: error: no such file or directory: '/W4'

** BUILD FAILED **


The following build commands failed:
	CompileC CMAKE_TRY_COMPILE.build/Debug-iphoneos/cmTC_54bee.build/Objects-normal/arm64/src.o src.c normal arm64 c com.apple.compilers.llvm.clang.1_0.compiler
(1 failure)


Source file was:
int main(void) { return 0; }
