Determining if the fdatasync exist failed with the following output:
Change Dir: /Users/bytedance/Code/Toffee/kernal_src/source/essential/kv-store/external/leveldb_build/iossim_64/CMakeFiles/CMakeTmp

Run Build Command(s):/usr/bin/xcodebuild -project CMAKE_TRY_COMPILE.xcodeproj build -target cmTC_eb050 -configuration Debug -hideShellScriptEnvironment && User defaults from command line:
    HideShellScriptEnvironment = YES

Prepare build
note: Using legacy build system
=== BUILD TARGET cmTC_eb050 OF PROJECT CMAKE_TRY_COMPILE WITH CONFIGURATION Debug ===

Check dependencies

Write auxiliary files
/bin/mkdir -p /Users/bytedance/Code/Toffee/kernal_src/source/essential/kv-store/external/leveldb_build/iossim_64/CMakeFiles/CMakeTmp/CMAKE_TRY_COMPILE.build/Debug-iphonesimulator/cmTC_eb050.build/Objects-normal/x86_64
write-file /Users/bytedance/Code/Toffee/kernal_src/source/essential/kv-store/external/leveldb_build/iossim_64/CMakeFiles/CMakeTmp/CMAKE_TRY_COMPILE.build/Debug-iphonesimulator/cmTC_eb050.build/Objects-normal/x86_64/cmTC_eb050.LinkFileList

CompileC CMAKE_TRY_COMPILE.build/Debug-iphonesimulator/cmTC_eb050.build/Objects-normal/x86_64/CheckSymbolExists.o CheckSymbolExists.cxx normal x86_64 c++ com.apple.compilers.llvm.clang.1_0.compiler
    cd /Users/bytedance/Code/Toffee/kernal_src/source/essential/kv-store/external/leveldb_build/iossim_64/CMakeFiles/CMakeTmp
    /Applications/Xcode.app/Contents/Developer/Toolchains/XcodeDefault.xctoolchain/usr/bin/clang -x c++ -target x86_64-apple-ios9.0-simulator -fmessage-length=0 -fdiagnostics-show-note-include-stack -fmacro-backtrace-limit=0 -Wno-trigraphs -fpascal-strings -O0 -Wno-missing-field-initializers -Wno-missing-prototypes -Wno-return-type -Wno-non-virtual-dtor -Wno-overloaded-virtual -Wno-exit-time-destructors -Wno-missing-braces -Wparentheses -Wswitch -Wno-unused-function -Wno-unused-label -Wno-unused-parameter -Wno-unused-variable -Wunused-value -Wno-empty-body -Wno-uninitialized -Wno-unknown-pragmas -Wno-shadow -Wno-four-char-constants -Wno-conversion -Wno-constant-conversion -Wno-int-conversion -Wno-bool-conversion -Wno-enum-conversion -Wno-float-conversion -Wno-non-literal-null-conversion -Wno-objc-literal-conversion -Wshorten-64-to-32 -Wno-newline-eof -Wno-c++11-extensions -DCMAKE_INTDIR=\"Debug-iphonesimulator\" -isysroot /Applications/Xcode.app/Contents/Developer/Platforms/iPhoneSimulator.platform/Developer/SDKs/iPhoneSimulator13.2.sdk -fasm-blocks -fstrict-aliasing -Wdeprecated-declarations -Winvalid-offsetof -g -Wno-sign-conversion -Wno-infinite-recursion -Wno-move -Wno-comma -Wno-block-capture-autoreleasing -Wno-strict-prototypes -Wno-range-loop-analysis -Wno-semicolon-before-method-body -I/Users/bytedance/Code/Toffee/kernal_src/source/essential/kv-store/external/leveldb_build/iossim_64/CMakeFiles/CMakeTmp/Debug/include -I/Users/bytedance/Code/Toffee/kernal_src/source/essential/kv-store/external/leveldb_build/iossim_64/CMakeFiles/CMakeTmp/CMAKE_TRY_COMPILE.build/Debug-iphonesimulator/cmTC_eb050.build/DerivedSources-normal/x86_64 -I/Users/bytedance/Code/Toffee/kernal_src/source/essential/kv-store/external/leveldb_build/iossim_64/CMakeFiles/CMakeTmp/CMAKE_TRY_COMPILE.build/Debug-iphonesimulator/cmTC_eb050.build/DerivedSources/x86_64 -I/Users/bytedance/Code/Toffee/kernal_src/source/essential/kv-store/external/leveldb_build/iossim_64/CMakeFiles/CMakeTmp/CMAKE_TRY_COMPILE.build/Debug-iphonesimulator/cmTC_eb050.build/DerivedSources -Wmost -Wno-four-char-constants -Wno-unknown-pragmas -F/Users/bytedance/Code/Toffee/kernal_src/source/essential/kv-store/external/leveldb_build/iossim_64/CMakeFiles/CMakeTmp/Debug -std=c++11 -MMD -MT dependencies -MF /Users/bytedance/Code/Toffee/kernal_src/source/essential/kv-store/external/leveldb_build/iossim_64/CMakeFiles/CMakeTmp/CMAKE_TRY_COMPILE.build/Debug-iphonesimulator/cmTC_eb050.build/Objects-normal/x86_64/CheckSymbolExists.d --serialize-diagnostics /Users/bytedance/Code/Toffee/kernal_src/source/essential/kv-store/external/leveldb_build/iossim_64/CMakeFiles/CMakeTmp/CMAKE_TRY_COMPILE.build/Debug-iphonesimulator/cmTC_eb050.build/Objects-normal/x86_64/CheckSymbolExists.dia -c /Users/bytedance/Code/Toffee/kernal_src/source/essential/kv-store/external/leveldb_build/iossim_64/CMakeFiles/CMakeTmp/CheckSymbolExists.cxx -o /Users/bytedance/Code/Toffee/kernal_src/source/essential/kv-store/external/leveldb_build/iossim_64/CMakeFiles/CMakeTmp/CMAKE_TRY_COMPILE.build/Debug-iphonesimulator/cmTC_eb050.build/Objects-normal/x86_64/CheckSymbolExists.o
/Users/bytedance/Code/Toffee/kernal_src/source/essential/kv-store/external/leveldb_build/iossim_64/CMakeFiles/CMakeTmp/CheckSymbolExists.cxx:8:19: error: use of undeclared identifier 'fdatasync'
  return ((int*)(&fdatasync))[argc];
                  ^
1 error generated.

** BUILD FAILED **


The following build commands failed:
	CompileC CMAKE_TRY_COMPILE.build/Debug-iphonesimulator/cmTC_eb050.build/Objects-normal/x86_64/CheckSymbolExists.o CheckSymbolExists.cxx normal x86_64 c++ com.apple.compilers.llvm.clang.1_0.compiler
(1 failure)


File /Users/bytedance/Code/Toffee/kernal_src/source/essential/kv-store/external/leveldb_build/iossim_64/CMakeFiles/CMakeTmp/CheckSymbolExists.cxx:
/* */
#include <unistd.h>

int main(int argc, char** argv)
{
  (void)argv;
#ifndef fdatasync
  return ((int*)(&fdatasync))[argc];
#else
  (void)argc;
  return 0;
#endif
}
Performing C++ SOURCE FILE Test HAVE_KYOTOCABINET failed with the following output:
Change Dir: /Users/bytedance/Code/Toffee/kernal_src/source/essential/kv-store/external/leveldb_build/iossim_64/CMakeFiles/CMakeTmp

Run Build Command(s):/usr/bin/xcodebuild -project CMAKE_TRY_COMPILE.xcodeproj build -target cmTC_f1eb9 -configuration Debug -hideShellScriptEnvironment && User defaults from command line:
    HideShellScriptEnvironment = YES

Prepare build
note: Using legacy build system
=== BUILD TARGET cmTC_f1eb9 OF PROJECT CMAKE_TRY_COMPILE WITH CONFIGURATION Debug ===

Check dependencies

Write auxiliary files
/bin/mkdir -p /Users/bytedance/Code/Toffee/kernal_src/source/essential/kv-store/external/leveldb_build/iossim_64/CMakeFiles/CMakeTmp/CMAKE_TRY_COMPILE.build/Debug-iphonesimulator/cmTC_f1eb9.build/Objects-normal/x86_64
write-file /Users/bytedance/Code/Toffee/kernal_src/source/essential/kv-store/external/leveldb_build/iossim_64/CMakeFiles/CMakeTmp/CMAKE_TRY_COMPILE.build/Debug-iphonesimulator/cmTC_f1eb9.build/Objects-normal/x86_64/cmTC_f1eb9.LinkFileList

CompileC CMAKE_TRY_COMPILE.build/Debug-iphonesimulator/cmTC_f1eb9.build/Objects-normal/x86_64/src.o src.cxx normal x86_64 c++ com.apple.compilers.llvm.clang.1_0.compiler
    cd /Users/bytedance/Code/Toffee/kernal_src/source/essential/kv-store/external/leveldb_build/iossim_64/CMakeFiles/CMakeTmp
    /Applications/Xcode.app/Contents/Developer/Toolchains/XcodeDefault.xctoolchain/usr/bin/clang -x c++ -target x86_64-apple-ios9.0-simulator -fmessage-length=0 -fdiagnostics-show-note-include-stack -fmacro-backtrace-limit=0 -Wno-trigraphs -fpascal-strings -O0 -Wno-missing-field-initializers -Wno-missing-prototypes -Wno-return-type -Wno-non-virtual-dtor -Wno-overloaded-virtual -Wno-exit-time-destructors -Wno-missing-braces -Wparentheses -Wswitch -Wno-unused-function -Wno-unused-label -Wno-unused-parameter -Wno-unused-variable -Wunused-value -Wno-empty-body -Wno-uninitialized -Wno-unknown-pragmas -Wno-shadow -Wno-four-char-constants -Wno-conversion -Wno-constant-conversion -Wno-int-conversion -Wno-bool-conversion -Wno-enum-conversion -Wno-float-conversion -Wno-non-literal-null-conversion -Wno-objc-literal-conversion -Wshorten-64-to-32 -Wno-newline-eof -Wno-c++11-extensions -DCMAKE_INTDIR=\"Debug-iphonesimulator\" -isysroot /Applications/Xcode.app/Contents/Developer/Platforms/iPhoneSimulator.platform/Developer/SDKs/iPhoneSimulator13.2.sdk -fasm-blocks -fstrict-aliasing -Wdeprecated-declarations -Winvalid-offsetof -g -Wno-sign-conversion -Wno-infinite-recursion -Wno-move -Wno-comma -Wno-block-capture-autoreleasing -Wno-strict-prototypes -Wno-range-loop-analysis -Wno-semicolon-before-method-body -I/Users/bytedance/Code/Toffee/kernal_src/source/essential/kv-store/external/leveldb_build/iossim_64/CMakeFiles/CMakeTmp/Debug/include -I/Users/bytedance/Code/Toffee/kernal_src/source/essential/kv-store/external/leveldb_build/iossim_64/CMakeFiles/CMakeTmp/CMAKE_TRY_COMPILE.build/Debug-iphonesimulator/cmTC_f1eb9.build/DerivedSources-normal/x86_64 -I/Users/bytedance/Code/Toffee/kernal_src/source/essential/kv-store/external/leveldb_build/iossim_64/CMakeFiles/CMakeTmp/CMAKE_TRY_COMPILE.build/Debug-iphonesimulator/cmTC_f1eb9.build/DerivedSources/x86_64 -I/Users/bytedance/Code/Toffee/kernal_src/source/essential/kv-store/external/leveldb_build/iossim_64/CMakeFiles/CMakeTmp/CMAKE_TRY_COMPILE.build/Debug-iphonesimulator/cmTC_f1eb9.build/DerivedSources -Wmost -Wno-four-char-constants -Wno-unknown-pragmas -F/Users/bytedance/Code/Toffee/kernal_src/source/essential/kv-store/external/leveldb_build/iossim_64/CMakeFiles/CMakeTmp/Debug -fno-exceptions -fno-rtti -DHAVE_KYOTOCABINET -std=c++11 -MMD -MT dependencies -MF /Users/bytedance/Code/Toffee/kernal_src/source/essential/kv-store/external/leveldb_build/iossim_64/CMakeFiles/CMakeTmp/CMAKE_TRY_COMPILE.build/Debug-iphonesimulator/cmTC_f1eb9.build/Objects-normal/x86_64/src.d --serialize-diagnostics /Users/bytedance/Code/Toffee/kernal_src/source/essential/kv-store/external/leveldb_build/iossim_64/CMakeFiles/CMakeTmp/CMAKE_TRY_COMPILE.build/Debug-iphonesimulator/cmTC_f1eb9.build/Objects-normal/x86_64/src.dia -c /Users/bytedance/Code/Toffee/kernal_src/source/essential/kv-store/external/leveldb_build/iossim_64/CMakeFiles/CMakeTmp/src.cxx -o /Users/bytedance/Code/Toffee/kernal_src/source/essential/kv-store/external/leveldb_build/iossim_64/CMakeFiles/CMakeTmp/CMAKE_TRY_COMPILE.build/Debug-iphonesimulator/cmTC_f1eb9.build/Objects-normal/x86_64/src.o
/Users/bytedance/Code/Toffee/kernal_src/source/essential/kv-store/external/leveldb_build/iossim_64/CMakeFiles/CMakeTmp/src.cxx:2:10: fatal error: 'kcpolydb.h' file not found
#include <kcpolydb.h>
         ^~~~~~~~~~~~
1 error generated.

** BUILD FAILED **


The following build commands failed:
	CompileC CMAKE_TRY_COMPILE.build/Debug-iphonesimulator/cmTC_f1eb9.build/Objects-normal/x86_64/src.o src.cxx normal x86_64 c++ com.apple.compilers.llvm.clang.1_0.compiler
(1 failure)


Source file was:

#include <kcpolydb.h>

int main() {
  kyotocabinet::TreeDB* db = new kyotocabinet::TreeDB();
  delete db;
  return 0;
}
  
