Determining if the fdatasync exist failed with the following output:
Change Dir: /Users/bytedance/Code/Toffee/kernal_src/source/essential/kv-store/external/leveldb_build/ios_32_64/CMakeFiles/CMakeTmp

Run Build Command(s):/usr/bin/xcodebuild -project CMAKE_TRY_COMPILE.xcodeproj build -target cmTC_d2b7b -configuration Debug -hideShellScriptEnvironment && User defaults from command line:
    HideShellScriptEnvironment = YES

Prepare build
note: Using legacy build system
=== BUILD TARGET cmTC_d2b7b OF PROJECT CMAKE_TRY_COMPILE WITH CONFIGURATION Debug ===

Check dependencies

Write auxiliary files
/bin/mkdir -p /Users/bytedance/Code/Toffee/kernal_src/source/essential/kv-store/external/leveldb_build/ios_32_64/CMakeFiles/CMakeTmp/CMAKE_TRY_COMPILE.build/Debug-iphoneos/cmTC_d2b7b.build/Objects-normal/arm64
write-file /Users/bytedance/Code/Toffee/kernal_src/source/essential/kv-store/external/leveldb_build/ios_32_64/CMakeFiles/CMakeTmp/CMAKE_TRY_COMPILE.build/Debug-iphoneos/cmTC_d2b7b.build/Objects-normal/arm64/cmTC_d2b7b.LinkFileList
/bin/mkdir -p /Users/bytedance/Code/Toffee/kernal_src/source/essential/kv-store/external/leveldb_build/ios_32_64/CMakeFiles/CMakeTmp/CMAKE_TRY_COMPILE.build/Debug-iphoneos/cmTC_d2b7b.build/Objects-normal/armv7s
write-file /Users/bytedance/Code/Toffee/kernal_src/source/essential/kv-store/external/leveldb_build/ios_32_64/CMakeFiles/CMakeTmp/CMAKE_TRY_COMPILE.build/Debug-iphoneos/cmTC_d2b7b.build/Objects-normal/armv7s/cmTC_d2b7b.LinkFileList
/bin/mkdir -p /Users/bytedance/Code/Toffee/kernal_src/source/essential/kv-store/external/leveldb_build/ios_32_64/CMakeFiles/CMakeTmp/CMAKE_TRY_COMPILE.build/Debug-iphoneos/cmTC_d2b7b.build/Objects-normal/armv7
write-file /Users/bytedance/Code/Toffee/kernal_src/source/essential/kv-store/external/leveldb_build/ios_32_64/CMakeFiles/CMakeTmp/CMAKE_TRY_COMPILE.build/Debug-iphoneos/cmTC_d2b7b.build/Objects-normal/armv7/cmTC_d2b7b.LinkFileList

CompileC CMAKE_TRY_COMPILE.build/Debug-iphoneos/cmTC_d2b7b.build/Objects-normal/armv7s/CheckSymbolExists.o CheckSymbolExists.cxx normal armv7s c++ com.apple.compilers.llvm.clang.1_0.compiler
    cd /Users/bytedance/Code/Toffee/kernal_src/source/essential/kv-store/external/leveldb_build/ios_32_64/CMakeFiles/CMakeTmp
    /Applications/Xcode.app/Contents/Developer/Toolchains/XcodeDefault.xctoolchain/usr/bin/clang -x c++ -target armv7s-apple-ios9.0 -fmessage-length=0 -fdiagnostics-show-note-include-stack -fmacro-backtrace-limit=0 -Wno-trigraphs -fpascal-strings -O0 -Wno-missing-field-initializers -Wno-missing-prototypes -Wno-return-type -Wno-non-virtual-dtor -Wno-overloaded-virtual -Wno-exit-time-destructors -Wno-missing-braces -Wparentheses -Wswitch -Wno-unused-function -Wno-unused-label -Wno-unused-parameter -Wno-unused-variable -Wunused-value -Wno-empty-body -Wno-uninitialized -Wno-unknown-pragmas -Wno-shadow -Wno-four-char-constants -Wno-conversion -Wno-constant-conversion -Wno-int-conversion -Wno-bool-conversion -Wno-enum-conversion -Wno-float-conversion -Wno-non-literal-null-conversion -Wno-objc-literal-conversion -Wno-shorten-64-to-32 -Wno-newline-eof -Wno-c++11-extensions -DCMAKE_INTDIR=\"Debug-iphoneos\" -isysroot /Applications/Xcode.app/Contents/Developer/Platforms/iPhoneOS.platform/Developer/SDKs/iPhoneOS13.2.sdk -fstrict-aliasing -Wdeprecated-declarations -Winvalid-offsetof -g -Wno-sign-conversion -Wno-infinite-recursion -Wno-move -Wno-comma -Wno-block-capture-autoreleasing -Wno-strict-prototypes -Wno-range-loop-analysis -Wno-semicolon-before-method-body -fembed-bitcode -I/Users/bytedance/Code/Toffee/kernal_src/source/essential/kv-store/external/leveldb_build/ios_32_64/CMakeFiles/CMakeTmp/Debug/include -I/Users/bytedance/Code/Toffee/kernal_src/source/essential/kv-store/external/leveldb_build/ios_32_64/CMakeFiles/CMakeTmp/CMAKE_TRY_COMPILE.build/Debug-iphoneos/cmTC_d2b7b.build/DerivedSources-normal/armv7s -I/Users/bytedance/Code/Toffee/kernal_src/source/essential/kv-store/external/leveldb_build/ios_32_64/CMakeFiles/CMakeTmp/CMAKE_TRY_COMPILE.build/Debug-iphoneos/cmTC_d2b7b.build/DerivedSources/armv7s -I/Users/bytedance/Code/Toffee/kernal_src/source/essential/kv-store/external/leveldb_build/ios_32_64/CMakeFiles/CMakeTmp/CMAKE_TRY_COMPILE.build/Debug-iphoneos/cmTC_d2b7b.build/DerivedSources -Wmost -Wno-four-char-constants -Wno-unknown-pragmas -F/Users/bytedance/Code/Toffee/kernal_src/source/essential/kv-store/external/leveldb_build/ios_32_64/CMakeFiles/CMakeTmp/Debug -std=c++11 -MMD -MT dependencies -MF /Users/bytedance/Code/Toffee/kernal_src/source/essential/kv-store/external/leveldb_build/ios_32_64/CMakeFiles/CMakeTmp/CMAKE_TRY_COMPILE.build/Debug-iphoneos/cmTC_d2b7b.build/Objects-normal/armv7s/CheckSymbolExists.d --serialize-diagnostics /Users/bytedance/Code/Toffee/kernal_src/source/essential/kv-store/external/leveldb_build/ios_32_64/CMakeFiles/CMakeTmp/CMAKE_TRY_COMPILE.build/Debug-iphoneos/cmTC_d2b7b.build/Objects-normal/armv7s/CheckSymbolExists.dia -c /Users/bytedance/Code/Toffee/kernal_src/source/essential/kv-store/external/leveldb_build/ios_32_64/CMakeFiles/CMakeTmp/CheckSymbolExists.cxx -o /Users/bytedance/Code/Toffee/kernal_src/source/essential/kv-store/external/leveldb_build/ios_32_64/CMakeFiles/CMakeTmp/CMAKE_TRY_COMPILE.build/Debug-iphoneos/cmTC_d2b7b.build/Objects-normal/armv7s/CheckSymbolExists.o
/Users/bytedance/Code/Toffee/kernal_src/source/essential/kv-store/external/leveldb_build/ios_32_64/CMakeFiles/CMakeTmp/CheckSymbolExists.cxx:8:19: error: use of undeclared identifier 'fdatasync'
  return ((int*)(&fdatasync))[argc];
                  ^
1 error generated.

CompileC CMAKE_TRY_COMPILE.build/Debug-iphoneos/cmTC_d2b7b.build/Objects-normal/armv7/CheckSymbolExists.o CheckSymbolExists.cxx normal armv7 c++ com.apple.compilers.llvm.clang.1_0.compiler
    cd /Users/bytedance/Code/Toffee/kernal_src/source/essential/kv-store/external/leveldb_build/ios_32_64/CMakeFiles/CMakeTmp
    /Applications/Xcode.app/Contents/Developer/Toolchains/XcodeDefault.xctoolchain/usr/bin/clang -x c++ -target armv7-apple-ios9.0 -fmessage-length=0 -fdiagnostics-show-note-include-stack -fmacro-backtrace-limit=0 -Wno-trigraphs -fpascal-strings -O0 -Wno-missing-field-initializers -Wno-missing-prototypes -Wno-return-type -Wno-non-virtual-dtor -Wno-overloaded-virtual -Wno-exit-time-destructors -Wno-missing-braces -Wparentheses -Wswitch -Wno-unused-function -Wno-unused-label -Wno-unused-parameter -Wno-unused-variable -Wunused-value -Wno-empty-body -Wno-uninitialized -Wno-unknown-pragmas -Wno-shadow -Wno-four-char-constants -Wno-conversion -Wno-constant-conversion -Wno-int-conversion -Wno-bool-conversion -Wno-enum-conversion -Wno-float-conversion -Wno-non-literal-null-conversion -Wno-objc-literal-conversion -Wno-shorten-64-to-32 -Wno-newline-eof -Wno-c++11-extensions -DCMAKE_INTDIR=\"Debug-iphoneos\" -isysroot /Applications/Xcode.app/Contents/Developer/Platforms/iPhoneOS.platform/Developer/SDKs/iPhoneOS13.2.sdk -fstrict-aliasing -Wdeprecated-declarations -Winvalid-offsetof -g -Wno-sign-conversion -Wno-infinite-recursion -Wno-move -Wno-comma -Wno-block-capture-autoreleasing -Wno-strict-prototypes -Wno-range-loop-analysis -Wno-semicolon-before-method-body -fembed-bitcode -I/Users/bytedance/Code/Toffee/kernal_src/source/essential/kv-store/external/leveldb_build/ios_32_64/CMakeFiles/CMakeTmp/Debug/include -I/Users/bytedance/Code/Toffee/kernal_src/source/essential/kv-store/external/leveldb_build/ios_32_64/CMakeFiles/CMakeTmp/CMAKE_TRY_COMPILE.build/Debug-iphoneos/cmTC_d2b7b.build/DerivedSources-normal/armv7 -I/Users/bytedance/Code/Toffee/kernal_src/source/essential/kv-store/external/leveldb_build/ios_32_64/CMakeFiles/CMakeTmp/CMAKE_TRY_COMPILE.build/Debug-iphoneos/cmTC_d2b7b.build/DerivedSources/armv7 -I/Users/bytedance/Code/Toffee/kernal_src/source/essential/kv-store/external/leveldb_build/ios_32_64/CMakeFiles/CMakeTmp/CMAKE_TRY_COMPILE.build/Debug-iphoneos/cmTC_d2b7b.build/DerivedSources -Wmost -Wno-four-char-constants -Wno-unknown-pragmas -F/Users/bytedance/Code/Toffee/kernal_src/source/essential/kv-store/external/leveldb_build/ios_32_64/CMakeFiles/CMakeTmp/Debug -std=c++11 -MMD -MT dependencies -MF /Users/bytedance/Code/Toffee/kernal_src/source/essential/kv-store/external/leveldb_build/ios_32_64/CMakeFiles/CMakeTmp/CMAKE_TRY_COMPILE.build/Debug-iphoneos/cmTC_d2b7b.build/Objects-normal/armv7/CheckSymbolExists.d --serialize-diagnostics /Users/bytedance/Code/Toffee/kernal_src/source/essential/kv-store/external/leveldb_build/ios_32_64/CMakeFiles/CMakeTmp/CMAKE_TRY_COMPILE.build/Debug-iphoneos/cmTC_d2b7b.build/Objects-normal/armv7/CheckSymbolExists.dia -c /Users/bytedance/Code/Toffee/kernal_src/source/essential/kv-store/external/leveldb_build/ios_32_64/CMakeFiles/CMakeTmp/CheckSymbolExists.cxx -o /Users/bytedance/Code/Toffee/kernal_src/source/essential/kv-store/external/leveldb_build/ios_32_64/CMakeFiles/CMakeTmp/CMAKE_TRY_COMPILE.build/Debug-iphoneos/cmTC_d2b7b.build/Objects-normal/armv7/CheckSymbolExists.o
/Users/bytedance/Code/Toffee/kernal_src/source/essential/kv-store/external/leveldb_build/ios_32_64/CMakeFiles/CMakeTmp/CheckSymbolExists.cxx:8:19: error: use of undeclared identifier 'fdatasync'
  return ((int*)(&fdatasync))[argc];
                  ^
1 error generated.

CompileC CMAKE_TRY_COMPILE.build/Debug-iphoneos/cmTC_d2b7b.build/Objects-normal/arm64/CheckSymbolExists.o CheckSymbolExists.cxx normal arm64 c++ com.apple.compilers.llvm.clang.1_0.compiler
    cd /Users/bytedance/Code/Toffee/kernal_src/source/essential/kv-store/external/leveldb_build/ios_32_64/CMakeFiles/CMakeTmp
    /Applications/Xcode.app/Contents/Developer/Toolchains/XcodeDefault.xctoolchain/usr/bin/clang -x c++ -target arm64-apple-ios9.0 -fmessage-length=0 -fdiagnostics-show-note-include-stack -fmacro-backtrace-limit=0 -Wno-trigraphs -fpascal-strings -O0 -Wno-missing-field-initializers -Wno-missing-prototypes -Wno-return-type -Wno-non-virtual-dtor -Wno-overloaded-virtual -Wno-exit-time-destructors -Wno-missing-braces -Wparentheses -Wswitch -Wno-unused-function -Wno-unused-label -Wno-unused-parameter -Wno-unused-variable -Wunused-value -Wno-empty-body -Wno-uninitialized -Wno-unknown-pragmas -Wno-shadow -Wno-four-char-constants -Wno-conversion -Wno-constant-conversion -Wno-int-conversion -Wno-bool-conversion -Wno-enum-conversion -Wno-float-conversion -Wno-non-literal-null-conversion -Wno-objc-literal-conversion -Wshorten-64-to-32 -Wno-newline-eof -Wno-c++11-extensions -DCMAKE_INTDIR=\"Debug-iphoneos\" -isysroot /Applications/Xcode.app/Contents/Developer/Platforms/iPhoneOS.platform/Developer/SDKs/iPhoneOS13.2.sdk -fstrict-aliasing -Wdeprecated-declarations -Winvalid-offsetof -g -Wno-sign-conversion -Wno-infinite-recursion -Wno-move -Wno-comma -Wno-block-capture-autoreleasing -Wno-strict-prototypes -Wno-range-loop-analysis -Wno-semicolon-before-method-body -fembed-bitcode -I/Users/bytedance/Code/Toffee/kernal_src/source/essential/kv-store/external/leveldb_build/ios_32_64/CMakeFiles/CMakeTmp/Debug/include -I/Users/bytedance/Code/Toffee/kernal_src/source/essential/kv-store/external/leveldb_build/ios_32_64/CMakeFiles/CMakeTmp/CMAKE_TRY_COMPILE.build/Debug-iphoneos/cmTC_d2b7b.build/DerivedSources-normal/arm64 -I/Users/bytedance/Code/Toffee/kernal_src/source/essential/kv-store/external/leveldb_build/ios_32_64/CMakeFiles/CMakeTmp/CMAKE_TRY_COMPILE.build/Debug-iphoneos/cmTC_d2b7b.build/DerivedSources/arm64 -I/Users/bytedance/Code/Toffee/kernal_src/source/essential/kv-store/external/leveldb_build/ios_32_64/CMakeFiles/CMakeTmp/CMAKE_TRY_COMPILE.build/Debug-iphoneos/cmTC_d2b7b.build/DerivedSources -Wmost -Wno-four-char-constants -Wno-unknown-pragmas -F/Users/bytedance/Code/Toffee/kernal_src/source/essential/kv-store/external/leveldb_build/ios_32_64/CMakeFiles/CMakeTmp/Debug -std=c++11 -MMD -MT dependencies -MF /Users/bytedance/Code/Toffee/kernal_src/source/essential/kv-store/external/leveldb_build/ios_32_64/CMakeFiles/CMakeTmp/CMAKE_TRY_COMPILE.build/Debug-iphoneos/cmTC_d2b7b.build/Objects-normal/arm64/CheckSymbolExists.d --serialize-diagnostics /Users/bytedance/Code/Toffee/kernal_src/source/essential/kv-store/external/leveldb_build/ios_32_64/CMakeFiles/CMakeTmp/CMAKE_TRY_COMPILE.build/Debug-iphoneos/cmTC_d2b7b.build/Objects-normal/arm64/CheckSymbolExists.dia -c /Users/bytedance/Code/Toffee/kernal_src/source/essential/kv-store/external/leveldb_build/ios_32_64/CMakeFiles/CMakeTmp/CheckSymbolExists.cxx -o /Users/bytedance/Code/Toffee/kernal_src/source/essential/kv-store/external/leveldb_build/ios_32_64/CMakeFiles/CMakeTmp/CMAKE_TRY_COMPILE.build/Debug-iphoneos/cmTC_d2b7b.build/Objects-normal/arm64/CheckSymbolExists.o
/Users/bytedance/Code/Toffee/kernal_src/source/essential/kv-store/external/leveldb_build/ios_32_64/CMakeFiles/CMakeTmp/CheckSymbolExists.cxx:8:19: error: use of undeclared identifier 'fdatasync'
  return ((int*)(&fdatasync))[argc];
                  ^
1 error generated.

** BUILD FAILED **


The following build commands failed:
	CompileC CMAKE_TRY_COMPILE.build/Debug-iphoneos/cmTC_d2b7b.build/Objects-normal/armv7s/CheckSymbolExists.o CheckSymbolExists.cxx normal armv7s c++ com.apple.compilers.llvm.clang.1_0.compiler
	CompileC CMAKE_TRY_COMPILE.build/Debug-iphoneos/cmTC_d2b7b.build/Objects-normal/armv7/CheckSymbolExists.o CheckSymbolExists.cxx normal armv7 c++ com.apple.compilers.llvm.clang.1_0.compiler
	CompileC CMAKE_TRY_COMPILE.build/Debug-iphoneos/cmTC_d2b7b.build/Objects-normal/arm64/CheckSymbolExists.o CheckSymbolExists.cxx normal arm64 c++ com.apple.compilers.llvm.clang.1_0.compiler
(3 failures)


File /Users/bytedance/Code/Toffee/kernal_src/source/essential/kv-store/external/leveldb_build/ios_32_64/CMakeFiles/CMakeTmp/CheckSymbolExists.cxx:
/* */
#include <unistd.h>

int main(int argc, char** argv)
{
  (void)argv;
#ifndef fdatasync
  return ((int*)(&fdatasync))[argc];
#else
  (void)argc;
  return 0;
#endif
}
Performing C++ SOURCE FILE Test HAVE_KYOTOCABINET failed with the following output:
Change Dir: /Users/bytedance/Code/Toffee/kernal_src/source/essential/kv-store/external/leveldb_build/ios_32_64/CMakeFiles/CMakeTmp

Run Build Command(s):/usr/bin/xcodebuild -project CMAKE_TRY_COMPILE.xcodeproj build -target cmTC_58b87 -configuration Debug -hideShellScriptEnvironment && User defaults from command line:
    HideShellScriptEnvironment = YES

Prepare build
note: Using legacy build system
=== BUILD TARGET cmTC_58b87 OF PROJECT CMAKE_TRY_COMPILE WITH CONFIGURATION Debug ===

Check dependencies

Write auxiliary files
/bin/mkdir -p /Users/bytedance/Code/Toffee/kernal_src/source/essential/kv-store/external/leveldb_build/ios_32_64/CMakeFiles/CMakeTmp/CMAKE_TRY_COMPILE.build/Debug-iphoneos/cmTC_58b87.build/Objects-normal/armv7s
write-file /Users/bytedance/Code/Toffee/kernal_src/source/essential/kv-store/external/leveldb_build/ios_32_64/CMakeFiles/CMakeTmp/CMAKE_TRY_COMPILE.build/Debug-iphoneos/cmTC_58b87.build/Objects-normal/armv7s/cmTC_58b87.LinkFileList
/bin/mkdir -p /Users/bytedance/Code/Toffee/kernal_src/source/essential/kv-store/external/leveldb_build/ios_32_64/CMakeFiles/CMakeTmp/CMAKE_TRY_COMPILE.build/Debug-iphoneos/cmTC_58b87.build/Objects-normal/arm64
write-file /Users/bytedance/Code/Toffee/kernal_src/source/essential/kv-store/external/leveldb_build/ios_32_64/CMakeFiles/CMakeTmp/CMAKE_TRY_COMPILE.build/Debug-iphoneos/cmTC_58b87.build/Objects-normal/arm64/cmTC_58b87.LinkFileList
/bin/mkdir -p /Users/bytedance/Code/Toffee/kernal_src/source/essential/kv-store/external/leveldb_build/ios_32_64/CMakeFiles/CMakeTmp/CMAKE_TRY_COMPILE.build/Debug-iphoneos/cmTC_58b87.build/Objects-normal/armv7
write-file /Users/bytedance/Code/Toffee/kernal_src/source/essential/kv-store/external/leveldb_build/ios_32_64/CMakeFiles/CMakeTmp/CMAKE_TRY_COMPILE.build/Debug-iphoneos/cmTC_58b87.build/Objects-normal/armv7/cmTC_58b87.LinkFileList

CompileC CMAKE_TRY_COMPILE.build/Debug-iphoneos/cmTC_58b87.build/Objects-normal/armv7s/src.o src.cxx normal armv7s c++ com.apple.compilers.llvm.clang.1_0.compiler
    cd /Users/bytedance/Code/Toffee/kernal_src/source/essential/kv-store/external/leveldb_build/ios_32_64/CMakeFiles/CMakeTmp
    /Applications/Xcode.app/Contents/Developer/Toolchains/XcodeDefault.xctoolchain/usr/bin/clang -x c++ -target armv7s-apple-ios9.0 -fmessage-length=0 -fdiagnostics-show-note-include-stack -fmacro-backtrace-limit=0 -Wno-trigraphs -fpascal-strings -O0 -Wno-missing-field-initializers -Wno-missing-prototypes -Wno-return-type -Wno-non-virtual-dtor -Wno-overloaded-virtual -Wno-exit-time-destructors -Wno-missing-braces -Wparentheses -Wswitch -Wno-unused-function -Wno-unused-label -Wno-unused-parameter -Wno-unused-variable -Wunused-value -Wno-empty-body -Wno-uninitialized -Wno-unknown-pragmas -Wno-shadow -Wno-four-char-constants -Wno-conversion -Wno-constant-conversion -Wno-int-conversion -Wno-bool-conversion -Wno-enum-conversion -Wno-float-conversion -Wno-non-literal-null-conversion -Wno-objc-literal-conversion -Wno-shorten-64-to-32 -Wno-newline-eof -Wno-c++11-extensions -DCMAKE_INTDIR=\"Debug-iphoneos\" -isysroot /Applications/Xcode.app/Contents/Developer/Platforms/iPhoneOS.platform/Developer/SDKs/iPhoneOS13.2.sdk -fstrict-aliasing -Wdeprecated-declarations -Winvalid-offsetof -g -Wno-sign-conversion -Wno-infinite-recursion -Wno-move -Wno-comma -Wno-block-capture-autoreleasing -Wno-strict-prototypes -Wno-range-loop-analysis -Wno-semicolon-before-method-body -fembed-bitcode -I/Users/bytedance/Code/Toffee/kernal_src/source/essential/kv-store/external/leveldb_build/ios_32_64/CMakeFiles/CMakeTmp/Debug/include -I/Users/bytedance/Code/Toffee/kernal_src/source/essential/kv-store/external/leveldb_build/ios_32_64/CMakeFiles/CMakeTmp/CMAKE_TRY_COMPILE.build/Debug-iphoneos/cmTC_58b87.build/DerivedSources-normal/armv7s -I/Users/bytedance/Code/Toffee/kernal_src/source/essential/kv-store/external/leveldb_build/ios_32_64/CMakeFiles/CMakeTmp/CMAKE_TRY_COMPILE.build/Debug-iphoneos/cmTC_58b87.build/DerivedSources/armv7s -I/Users/bytedance/Code/Toffee/kernal_src/source/essential/kv-store/external/leveldb_build/ios_32_64/CMakeFiles/CMakeTmp/CMAKE_TRY_COMPILE.build/Debug-iphoneos/cmTC_58b87.build/DerivedSources -Wmost -Wno-four-char-constants -Wno-unknown-pragmas -F/Users/bytedance/Code/Toffee/kernal_src/source/essential/kv-store/external/leveldb_build/ios_32_64/CMakeFiles/CMakeTmp/Debug -fno-exceptions -fno-rtti -DHAVE_KYOTOCABINET -std=c++11 -MMD -MT dependencies -MF /Users/bytedance/Code/Toffee/kernal_src/source/essential/kv-store/external/leveldb_build/ios_32_64/CMakeFiles/CMakeTmp/CMAKE_TRY_COMPILE.build/Debug-iphoneos/cmTC_58b87.build/Objects-normal/armv7s/src.d --serialize-diagnostics /Users/bytedance/Code/Toffee/kernal_src/source/essential/kv-store/external/leveldb_build/ios_32_64/CMakeFiles/CMakeTmp/CMAKE_TRY_COMPILE.build/Debug-iphoneos/cmTC_58b87.build/Objects-normal/armv7s/src.dia -c /Users/bytedance/Code/Toffee/kernal_src/source/essential/kv-store/external/leveldb_build/ios_32_64/CMakeFiles/CMakeTmp/src.cxx -o /Users/bytedance/Code/Toffee/kernal_src/source/essential/kv-store/external/leveldb_build/ios_32_64/CMakeFiles/CMakeTmp/CMAKE_TRY_COMPILE.build/Debug-iphoneos/cmTC_58b87.build/Objects-normal/armv7s/src.o
/Users/bytedance/Code/Toffee/kernal_src/source/essential/kv-store/external/leveldb_build/ios_32_64/CMakeFiles/CMakeTmp/src.cxx:2:10: fatal error: 'kcpolydb.h' file not found
#include <kcpolydb.h>
         ^~~~~~~~~~~~
1 error generated.

CompileC CMAKE_TRY_COMPILE.build/Debug-iphoneos/cmTC_58b87.build/Objects-normal/arm64/src.o src.cxx normal arm64 c++ com.apple.compilers.llvm.clang.1_0.compiler
    cd /Users/bytedance/Code/Toffee/kernal_src/source/essential/kv-store/external/leveldb_build/ios_32_64/CMakeFiles/CMakeTmp
    /Applications/Xcode.app/Contents/Developer/Toolchains/XcodeDefault.xctoolchain/usr/bin/clang -x c++ -target arm64-apple-ios9.0 -fmessage-length=0 -fdiagnostics-show-note-include-stack -fmacro-backtrace-limit=0 -Wno-trigraphs -fpascal-strings -O0 -Wno-missing-field-initializers -Wno-missing-prototypes -Wno-return-type -Wno-non-virtual-dtor -Wno-overloaded-virtual -Wno-exit-time-destructors -Wno-missing-braces -Wparentheses -Wswitch -Wno-unused-function -Wno-unused-label -Wno-unused-parameter -Wno-unused-variable -Wunused-value -Wno-empty-body -Wno-uninitialized -Wno-unknown-pragmas -Wno-shadow -Wno-four-char-constants -Wno-conversion -Wno-constant-conversion -Wno-int-conversion -Wno-bool-conversion -Wno-enum-conversion -Wno-float-conversion -Wno-non-literal-null-conversion -Wno-objc-literal-conversion -Wshorten-64-to-32 -Wno-newline-eof -Wno-c++11-extensions -DCMAKE_INTDIR=\"Debug-iphoneos\" -isysroot /Applications/Xcode.app/Contents/Developer/Platforms/iPhoneOS.platform/Developer/SDKs/iPhoneOS13.2.sdk -fstrict-aliasing -Wdeprecated-declarations -Winvalid-offsetof -g -Wno-sign-conversion -Wno-infinite-recursion -Wno-move -Wno-comma -Wno-block-capture-autoreleasing -Wno-strict-prototypes -Wno-range-loop-analysis -Wno-semicolon-before-method-body -fembed-bitcode -I/Users/bytedance/Code/Toffee/kernal_src/source/essential/kv-store/external/leveldb_build/ios_32_64/CMakeFiles/CMakeTmp/Debug/include -I/Users/bytedance/Code/Toffee/kernal_src/source/essential/kv-store/external/leveldb_build/ios_32_64/CMakeFiles/CMakeTmp/CMAKE_TRY_COMPILE.build/Debug-iphoneos/cmTC_58b87.build/DerivedSources-normal/arm64 -I/Users/bytedance/Code/Toffee/kernal_src/source/essential/kv-store/external/leveldb_build/ios_32_64/CMakeFiles/CMakeTmp/CMAKE_TRY_COMPILE.build/Debug-iphoneos/cmTC_58b87.build/DerivedSources/arm64 -I/Users/bytedance/Code/Toffee/kernal_src/source/essential/kv-store/external/leveldb_build/ios_32_64/CMakeFiles/CMakeTmp/CMAKE_TRY_COMPILE.build/Debug-iphoneos/cmTC_58b87.build/DerivedSources -Wmost -Wno-four-char-constants -Wno-unknown-pragmas -F/Users/bytedance/Code/Toffee/kernal_src/source/essential/kv-store/external/leveldb_build/ios_32_64/CMakeFiles/CMakeTmp/Debug -fno-exceptions -fno-rtti -DHAVE_KYOTOCABINET -std=c++11 -MMD -MT dependencies -MF /Users/bytedance/Code/Toffee/kernal_src/source/essential/kv-store/external/leveldb_build/ios_32_64/CMakeFiles/CMakeTmp/CMAKE_TRY_COMPILE.build/Debug-iphoneos/cmTC_58b87.build/Objects-normal/arm64/src.d --serialize-diagnostics /Users/bytedance/Code/Toffee/kernal_src/source/essential/kv-store/external/leveldb_build/ios_32_64/CMakeFiles/CMakeTmp/CMAKE_TRY_COMPILE.build/Debug-iphoneos/cmTC_58b87.build/Objects-normal/arm64/src.dia -c /Users/bytedance/Code/Toffee/kernal_src/source/essential/kv-store/external/leveldb_build/ios_32_64/CMakeFiles/CMakeTmp/src.cxx -o /Users/bytedance/Code/Toffee/kernal_src/source/essential/kv-store/external/leveldb_build/ios_32_64/CMakeFiles/CMakeTmp/CMAKE_TRY_COMPILE.build/Debug-iphoneos/cmTC_58b87.build/Objects-normal/arm64/src.o
/Users/bytedance/Code/Toffee/kernal_src/source/essential/kv-store/external/leveldb_build/ios_32_64/CMakeFiles/CMakeTmp/src.cxx:2:10: fatal error: 'kcpolydb.h' file not found
#include <kcpolydb.h>
         ^~~~~~~~~~~~
1 error generated.

CompileC CMAKE_TRY_COMPILE.build/Debug-iphoneos/cmTC_58b87.build/Objects-normal/armv7/src.o src.cxx normal armv7 c++ com.apple.compilers.llvm.clang.1_0.compiler
    cd /Users/bytedance/Code/Toffee/kernal_src/source/essential/kv-store/external/leveldb_build/ios_32_64/CMakeFiles/CMakeTmp
    /Applications/Xcode.app/Contents/Developer/Toolchains/XcodeDefault.xctoolchain/usr/bin/clang -x c++ -target armv7-apple-ios9.0 -fmessage-length=0 -fdiagnostics-show-note-include-stack -fmacro-backtrace-limit=0 -Wno-trigraphs -fpascal-strings -O0 -Wno-missing-field-initializers -Wno-missing-prototypes -Wno-return-type -Wno-non-virtual-dtor -Wno-overloaded-virtual -Wno-exit-time-destructors -Wno-missing-braces -Wparentheses -Wswitch -Wno-unused-function -Wno-unused-label -Wno-unused-parameter -Wno-unused-variable -Wunused-value -Wno-empty-body -Wno-uninitialized -Wno-unknown-pragmas -Wno-shadow -Wno-four-char-constants -Wno-conversion -Wno-constant-conversion -Wno-int-conversion -Wno-bool-conversion -Wno-enum-conversion -Wno-float-conversion -Wno-non-literal-null-conversion -Wno-objc-literal-conversion -Wno-shorten-64-to-32 -Wno-newline-eof -Wno-c++11-extensions -DCMAKE_INTDIR=\"Debug-iphoneos\" -isysroot /Applications/Xcode.app/Contents/Developer/Platforms/iPhoneOS.platform/Developer/SDKs/iPhoneOS13.2.sdk -fstrict-aliasing -Wdeprecated-declarations -Winvalid-offsetof -g -Wno-sign-conversion -Wno-infinite-recursion -Wno-move -Wno-comma -Wno-block-capture-autoreleasing -Wno-strict-prototypes -Wno-range-loop-analysis -Wno-semicolon-before-method-body -fembed-bitcode -I/Users/bytedance/Code/Toffee/kernal_src/source/essential/kv-store/external/leveldb_build/ios_32_64/CMakeFiles/CMakeTmp/Debug/include -I/Users/bytedance/Code/Toffee/kernal_src/source/essential/kv-store/external/leveldb_build/ios_32_64/CMakeFiles/CMakeTmp/CMAKE_TRY_COMPILE.build/Debug-iphoneos/cmTC_58b87.build/DerivedSources-normal/armv7 -I/Users/bytedance/Code/Toffee/kernal_src/source/essential/kv-store/external/leveldb_build/ios_32_64/CMakeFiles/CMakeTmp/CMAKE_TRY_COMPILE.build/Debug-iphoneos/cmTC_58b87.build/DerivedSources/armv7 -I/Users/bytedance/Code/Toffee/kernal_src/source/essential/kv-store/external/leveldb_build/ios_32_64/CMakeFiles/CMakeTmp/CMAKE_TRY_COMPILE.build/Debug-iphoneos/cmTC_58b87.build/DerivedSources -Wmost -Wno-four-char-constants -Wno-unknown-pragmas -F/Users/bytedance/Code/Toffee/kernal_src/source/essential/kv-store/external/leveldb_build/ios_32_64/CMakeFiles/CMakeTmp/Debug -fno-exceptions -fno-rtti -DHAVE_KYOTOCABINET -std=c++11 -MMD -MT dependencies -MF /Users/bytedance/Code/Toffee/kernal_src/source/essential/kv-store/external/leveldb_build/ios_32_64/CMakeFiles/CMakeTmp/CMAKE_TRY_COMPILE.build/Debug-iphoneos/cmTC_58b87.build/Objects-normal/armv7/src.d --serialize-diagnostics /Users/bytedance/Code/Toffee/kernal_src/source/essential/kv-store/external/leveldb_build/ios_32_64/CMakeFiles/CMakeTmp/CMAKE_TRY_COMPILE.build/Debug-iphoneos/cmTC_58b87.build/Objects-normal/armv7/src.dia -c /Users/bytedance/Code/Toffee/kernal_src/source/essential/kv-store/external/leveldb_build/ios_32_64/CMakeFiles/CMakeTmp/src.cxx -o /Users/bytedance/Code/Toffee/kernal_src/source/essential/kv-store/external/leveldb_build/ios_32_64/CMakeFiles/CMakeTmp/CMAKE_TRY_COMPILE.build/Debug-iphoneos/cmTC_58b87.build/Objects-normal/armv7/src.o
/Users/bytedance/Code/Toffee/kernal_src/source/essential/kv-store/external/leveldb_build/ios_32_64/CMakeFiles/CMakeTmp/src.cxx:2:10: fatal error: 'kcpolydb.h' file not found
#include <kcpolydb.h>
         ^~~~~~~~~~~~
1 error generated.

** BUILD FAILED **


The following build commands failed:
	CompileC CMAKE_TRY_COMPILE.build/Debug-iphoneos/cmTC_58b87.build/Objects-normal/armv7s/src.o src.cxx normal armv7s c++ com.apple.compilers.llvm.clang.1_0.compiler
	CompileC CMAKE_TRY_COMPILE.build/Debug-iphoneos/cmTC_58b87.build/Objects-normal/arm64/src.o src.cxx normal arm64 c++ com.apple.compilers.llvm.clang.1_0.compiler
	CompileC CMAKE_TRY_COMPILE.build/Debug-iphoneos/cmTC_58b87.build/Objects-normal/armv7/src.o src.cxx normal armv7 c++ com.apple.compilers.llvm.clang.1_0.compiler
(3 failures)


Source file was:

#include <kcpolydb.h>

int main() {
  kyotocabinet::TreeDB* db = new kyotocabinet::TreeDB();
  delete db;
  return 0;
}
  
